[2017-10-19 17:15:31.783] [INFO] pomelo - [32m[D:\servers\game-server\node_modules\pomelo\lib\application.js] [39mapplication inited: "cluster-server-area-0"
[2017-10-19 17:15:32.111] [INFO] pomelo - [32m[D:\servers\game-server\node_modules\pomelo\lib\application.js] [39m"cluster-server-area-0" enter after start...
[2017-10-19 17:15:32.127] [INFO] pomelo - [32m[D:\servers\game-server\node_modules\pomelo\lib\application.js] [39m"cluster-server-area-0" finish start
[2017-10-19 17:15:32.127] [INFO] pomelo - [32m[D:\servers\game-server\node_modules\pomelo\lib\application.js] [39m"cluster-server-area-0" startup in 297 ms
[2017-10-19 17:15:32.221] [DEBUG] pomelo - [36m[D:\servers\game-server\node_modules\pomelo\lib\modules\monitorwatcher.js] [39m[cluster-server-area-0] receive addServer signal: {"action":"addServer","server":{"main":"D:\\servers\\game-server\\app.js","env":"development","id":"gate-server-1","host":"127.0.0.1","clientHost":"127.0.0.1","clientPort":3014,"frontend":"true","serverType":"gate","pid":6956}}
[2017-10-19 17:15:32.299] [DEBUG] pomelo - [36m[D:\servers\game-server\node_modules\pomelo\lib\modules\monitorwatcher.js] [39m[cluster-server-area-0] receive addServer signal: {"action":"addServer","server":{"main":"D:\\servers\\game-server\\app.js","env":"development","id":"cluster-server-connector-0","host":"127.0.0.1","port":3150,"clientHost":"127.0.0.1","clientPort":3010,"clusterCount":2,"frontend":"true","auto-restart":"true","serverType":"connector","pid":8336}}
[2017-10-19 17:15:32.392] [DEBUG] pomelo - [36m[D:\servers\game-server\node_modules\pomelo\lib\modules\monitorwatcher.js] [39m[cluster-server-area-0] receive addServer signal: {"action":"addServer","server":{"main":"D:\\servers\\game-server\\app.js","env":"development","id":"cluster-server-connector-1","host":"127.0.0.1","port":3151,"clientHost":"127.0.0.1","clientPort":3011,"clusterCount":2,"frontend":"true","auto-restart":"true","serverType":"connector","pid":7584}}
[2017-10-19 17:20:18.012] [INFO] pomelo - [32m[D:\servers\game-server\node_modules\pomelo\lib\application.js] [39mapplication inited: "cluster-server-area-0"
[2017-10-19 17:20:18.374] [INFO] pomelo - [32m[D:\servers\game-server\node_modules\pomelo\lib\application.js] [39m"cluster-server-area-0" enter after start...
[2017-10-19 17:20:18.374] [INFO] pomelo - [32m[D:\servers\game-server\node_modules\pomelo\lib\application.js] [39m"cluster-server-area-0" finish start
[2017-10-19 17:20:18.374] [INFO] pomelo - [32m[D:\servers\game-server\node_modules\pomelo\lib\application.js] [39m"cluster-server-area-0" startup in 312 ms
[2017-10-19 19:55:50.283] [INFO] pomelo - [32m[D:\servers\game-server\node_modules\pomelo\lib\application.js] [39mapplication inited: "cluster-server-area-0"
[2017-10-19 19:55:50.611] [INFO] pomelo - [32m[D:\servers\game-server\node_modules\pomelo\lib\application.js] [39m"cluster-server-area-0" enter after start...
[2017-10-19 19:55:50.626] [INFO] pomelo - [32m[D:\servers\game-server\node_modules\pomelo\lib\application.js] [39m"cluster-server-area-0" finish start
[2017-10-19 19:55:50.626] [INFO] pomelo - [32m[D:\servers\game-server\node_modules\pomelo\lib\application.js] [39m"cluster-server-area-0" startup in 296 ms
[2017-10-19 19:55:50.642] [DEBUG] pomelo - [36m[D:\servers\game-server\node_modules\pomelo\lib\modules\monitorwatcher.js] [39m[cluster-server-area-0] receive addServer signal: {"action":"addServer","server":{"main":"D:\\servers\\game-server\\app.js","env":"development","id":"cluster-server-connector-0","host":"127.0.0.1","port":3150,"clientHost":"127.0.0.1","clientPort":3010,"clusterCount":1,"frontend":"true","auto-restart":"true","serverType":"connector","pid":9312}}
[2017-10-19 20:11:59.072] [INFO] pomelo - [32m[D:\servers\game-server\node_modules\pomelo\lib\application.js] [39mapplication inited: "cluster-server-area-0"
[2017-10-19 20:11:59.400] [INFO] pomelo - [32m[D:\servers\game-server\node_modules\pomelo\lib\application.js] [39m"cluster-server-area-0" enter after start...
[2017-10-19 20:11:59.400] [INFO] pomelo - [32m[D:\servers\game-server\node_modules\pomelo\lib\application.js] [39m"cluster-server-area-0" finish start
[2017-10-19 20:11:59.400] [INFO] pomelo - [32m[D:\servers\game-server\node_modules\pomelo\lib\application.js] [39m"cluster-server-area-0" startup in 281 ms
[2017-10-19 20:11:59.415] [DEBUG] pomelo - [36m[D:\servers\game-server\node_modules\pomelo\lib\modules\monitorwatcher.js] [39m[cluster-server-area-0] receive addServer signal: {"action":"addServer","server":{"main":"D:\\servers\\game-server\\app.js","env":"development","id":"cluster-server-connector-0","host":"127.0.0.1","port":3150,"clientHost":"127.0.0.1","clientPort":3010,"clusterCount":1,"frontend":"true","auto-restart":"true","serverType":"connector","pid":7824}}
[2017-10-19 20:34:29.844] [INFO] pomelo - [32m[D:\servers\game-server\node_modules\pomelo\lib\application.js] [39mapplication inited: "cluster-server-area-0"
[2017-10-19 20:34:30.206] [INFO] pomelo - [32m[D:\servers\game-server\node_modules\pomelo\lib\application.js] [39m"cluster-server-area-0" enter after start...
[2017-10-19 20:34:30.206] [INFO] pomelo - [32m[D:\servers\game-server\node_modules\pomelo\lib\application.js] [39m"cluster-server-area-0" finish start
[2017-10-19 20:34:30.206] [INFO] pomelo - [32m[D:\servers\game-server\node_modules\pomelo\lib\application.js] [39m"cluster-server-area-0" startup in 300 ms
[2017-10-19 20:41:52.643] [INFO] pomelo - [32m[D:\servers\game-server\node_modules\pomelo\lib\application.js] [39mapplication inited: "cluster-server-area-0"
[2017-10-19 20:41:53.527] [INFO] pomelo - [32m[D:\servers\game-server\node_modules\pomelo\lib\application.js] [39m"cluster-server-area-0" enter after start...
[2017-10-19 20:41:53.530] [INFO] pomelo - [32m[D:\servers\game-server\node_modules\pomelo\lib\application.js] [39m"cluster-server-area-0" finish start
[2017-10-19 20:41:53.532] [INFO] pomelo - [32m[D:\servers\game-server\node_modules\pomelo\lib\application.js] [39m"cluster-server-area-0" startup in 801 ms
[2017-10-19 20:41:53.731] [DEBUG] pomelo - [36m[D:\servers\game-server\node_modules\pomelo\lib\modules\monitorwatcher.js] [39m[cluster-server-area-0] receive addServer signal: {"action":"addServer","server":{"main":"D:\\servers\\game-server\\app.js","env":"development","id":"cluster-server-connector-0","host":"127.0.0.1","port":3150,"clientHost":"127.0.0.1","clientPort":3010,"clusterCount":1,"frontend":"true","auto-restart":"true","serverType":"connector","pid":14020}}
[2017-10-19 20:41:53.961] [DEBUG] pomelo - [36m[D:\servers\game-server\node_modules\pomelo\lib\modules\monitorwatcher.js] [39m[cluster-server-area-0] receive addServer signal: {"action":"addServer","server":{"main":"D:\\servers\\game-server\\app.js","env":"development","id":"gate-server-1","host":"127.0.0.1","clientHost":"127.0.0.1","clientPort":3014,"frontend":"true","serverType":"gate","pid":14008}}
[2017-10-19 20:42:47.713] [INFO] pomelo - [32m[D:\servers\game-server\node_modules\pomelo\lib\application.js] [39mapplication inited: "cluster-server-area-0"
[2017-10-19 20:42:48.103] [INFO] pomelo - [32m[D:\servers\game-server\node_modules\pomelo\lib\application.js] [39m"cluster-server-area-0" enter after start...
[2017-10-19 20:42:48.107] [INFO] pomelo - [32m[D:\servers\game-server\node_modules\pomelo\lib\application.js] [39m"cluster-server-area-0" finish start
[2017-10-19 20:42:48.109] [INFO] pomelo - [32m[D:\servers\game-server\node_modules\pomelo\lib\application.js] [39m"cluster-server-area-0" startup in 338 ms
[2017-10-19 20:42:48.164] [DEBUG] pomelo - [36m[D:\servers\game-server\node_modules\pomelo\lib\modules\monitorwatcher.js] [39m[cluster-server-area-0] receive addServer signal: {"action":"addServer","server":{"main":"D:\\servers\\game-server\\app.js","env":"development","id":"cluster-server-connector-0","host":"127.0.0.1","port":3150,"clientHost":"127.0.0.1","clientPort":3010,"clusterCount":1,"frontend":"true","auto-restart":"true","serverType":"connector","pid":11908}}
[2017-10-19 20:45:21.257] [INFO] pomelo - [32m[D:\servers\game-server\node_modules\pomelo\lib\application.js] [39mapplication inited: "cluster-server-area-0"
[2017-10-19 20:45:21.635] [INFO] pomelo - [32m[D:\servers\game-server\node_modules\pomelo\lib\application.js] [39m"cluster-server-area-0" enter after start...
[2017-10-19 20:45:21.639] [INFO] pomelo - [32m[D:\servers\game-server\node_modules\pomelo\lib\application.js] [39m"cluster-server-area-0" finish start
[2017-10-19 20:45:21.641] [INFO] pomelo - [32m[D:\servers\game-server\node_modules\pomelo\lib\application.js] [39m"cluster-server-area-0" startup in 327 ms
[2017-10-19 20:45:21.651] [DEBUG] pomelo - [36m[D:\servers\game-server\node_modules\pomelo\lib\modules\monitorwatcher.js] [39m[cluster-server-area-0] receive addServer signal: {"action":"addServer","server":{"main":"D:\\servers\\game-server\\app.js","env":"development","id":"cluster-server-connector-0","host":"127.0.0.1","port":3150,"clientHost":"127.0.0.1","clientPort":3010,"clusterCount":1,"frontend":"true","auto-restart":"true","serverType":"connector","pid":11408}}
[2017-10-19 20:45:30.165] [DEBUG] pomelo - [36m[D:\servers\game-server\node_modules\pomelo\lib\server\server.js] [39mno default error handler to resolve unknown exception. Error: player not exist!
    at Filter.pro.before (D:\servers\game-server\app\servers\area\filter\unregisterFilter.js:25:18)
    at next (D:\servers\game-server\node_modules\pomelo\lib\common\service\filterService.js:58:15)
    at Filter.before (D:\servers\game-server\node_modules\pomelo\lib\filters\handler\time.js:17:3)
    at next (D:\servers\game-server\node_modules\pomelo\lib\common\service\filterService.js:58:15)
    at Filter.before (D:\servers\game-server\node_modules\pomelo\lib\filters\handler\timeout.js:34:3)
    at next (D:\servers\game-server\node_modules\pomelo\lib\common\service\filterService.js:58:15)
    at Service.beforeFilter (D:\servers\game-server\node_modules\pomelo\lib\common\service\filterService.js:65:3)
    at beforeFilter (D:\servers\game-server\node_modules\pomelo\lib\server\server.js:242:8)
    at doHandle (D:\servers\game-server\node_modules\pomelo\lib\server\server.js:388:3)
    at Server.pro.handle (D:\servers\game-server\node_modules\pomelo\lib\server\server.js:125:3)
[2017-10-19 20:46:40.655] [DEBUG] pomelo - [36m[D:\servers\game-server\node_modules\pomelo\lib\server\server.js] [39mno default error handler to resolve unknown exception. Error: player not exist!
    at Filter.pro.before (D:\servers\game-server\app\servers\area\filter\unregisterFilter.js:25:18)
    at next (D:\servers\game-server\node_modules\pomelo\lib\common\service\filterService.js:58:15)
    at Filter.before (D:\servers\game-server\node_modules\pomelo\lib\filters\handler\time.js:17:3)
    at next (D:\servers\game-server\node_modules\pomelo\lib\common\service\filterService.js:58:15)
    at Filter.before (D:\servers\game-server\node_modules\pomelo\lib\filters\handler\timeout.js:34:3)
    at next (D:\servers\game-server\node_modules\pomelo\lib\common\service\filterService.js:58:15)
    at Service.beforeFilter (D:\servers\game-server\node_modules\pomelo\lib\common\service\filterService.js:65:3)
    at beforeFilter (D:\servers\game-server\node_modules\pomelo\lib\server\server.js:242:8)
    at doHandle (D:\servers\game-server\node_modules\pomelo\lib\server\server.js:388:3)
    at Server.pro.handle (D:\servers\game-server\node_modules\pomelo\lib\server\server.js:125:3)
[2017-10-19 20:50:45.442] [INFO] pomelo - [32m[D:\servers\game-server\node_modules\pomelo\lib\application.js] [39mapplication inited: "cluster-server-area-0"
[2017-10-19 20:50:45.895] [INFO] pomelo - [32m[D:\servers\game-server\node_modules\pomelo\lib\application.js] [39m"cluster-server-area-0" enter after start...
[2017-10-19 20:50:45.903] [INFO] pomelo - [32m[D:\servers\game-server\node_modules\pomelo\lib\application.js] [39m"cluster-server-area-0" finish start
[2017-10-19 20:50:45.905] [INFO] pomelo - [32m[D:\servers\game-server\node_modules\pomelo\lib\application.js] [39m"cluster-server-area-0" startup in 378 ms
[2017-10-19 20:50:45.948] [DEBUG] pomelo - [36m[D:\servers\game-server\node_modules\pomelo\lib\modules\monitorwatcher.js] [39m[cluster-server-area-0] receive addServer signal: {"action":"addServer","server":{"main":"D:\\servers\\game-server\\app.js","env":"development","id":"cluster-server-connector-0","host":"127.0.0.1","port":3150,"clientHost":"127.0.0.1","clientPort":3010,"clusterCount":1,"frontend":"true","auto-restart":"true","serverType":"connector","pid":11688}}
[2017-10-19 20:50:51.295] [DEBUG] pomelo - [36m[D:\servers\game-server\node_modules\pomelo\lib\server\server.js] [39mno default error handler to resolve unknown exception. Error: player not exist!
    at Filter.pro.before (D:\servers\game-server\app\servers\area\filter\unregisterFilter.js:25:18)
    at next (D:\servers\game-server\node_modules\pomelo\lib\common\service\filterService.js:58:15)
    at Filter.before (D:\servers\game-server\node_modules\pomelo\lib\filters\handler\time.js:17:3)
    at next (D:\servers\game-server\node_modules\pomelo\lib\common\service\filterService.js:58:15)
    at Filter.before (D:\servers\game-server\node_modules\pomelo\lib\filters\handler\timeout.js:34:3)
    at next (D:\servers\game-server\node_modules\pomelo\lib\common\service\filterService.js:58:15)
    at Service.beforeFilter (D:\servers\game-server\node_modules\pomelo\lib\common\service\filterService.js:65:3)
    at beforeFilter (D:\servers\game-server\node_modules\pomelo\lib\server\server.js:242:8)
    at doHandle (D:\servers\game-server\node_modules\pomelo\lib\server\server.js:388:3)
    at Server.pro.handle (D:\servers\game-server\node_modules\pomelo\lib\server\server.js:125:3)
[2017-10-19 20:55:38.352] [INFO] pomelo - [32m[D:\servers\game-server\node_modules\pomelo\lib\application.js] [39mapplication inited: "cluster-server-area-0"
[2017-10-19 20:55:38.733] [INFO] pomelo - [32m[D:\servers\game-server\node_modules\pomelo\lib\application.js] [39m"cluster-server-area-0" enter after start...
[2017-10-19 20:55:38.737] [INFO] pomelo - [32m[D:\servers\game-server\node_modules\pomelo\lib\application.js] [39m"cluster-server-area-0" finish start
[2017-10-19 20:55:38.739] [INFO] pomelo - [32m[D:\servers\game-server\node_modules\pomelo\lib\application.js] [39m"cluster-server-area-0" startup in 329 ms
[2017-10-19 20:55:38.794] [DEBUG] pomelo - [36m[D:\servers\game-server\node_modules\pomelo\lib\modules\monitorwatcher.js] [39m[cluster-server-area-0] receive addServer signal: {"action":"addServer","server":{"main":"D:\\servers\\game-server\\app.js","env":"development","id":"cluster-server-connector-0","host":"127.0.0.1","port":3150,"clientHost":"127.0.0.1","clientPort":3010,"clusterCount":1,"frontend":"true","auto-restart":"true","serverType":"connector","pid":8116}}
[2017-10-19 20:56:00.777] [DEBUG] pomelo - [36m[D:\servers\game-server\node_modules\pomelo\lib\server\server.js] [39mno default error handler to resolve unknown exception. Error: player not exist!
    at Filter.pro.before (D:\servers\game-server\app\servers\area\filter\unregisterFilter.js:25:18)
    at next (D:\servers\game-server\node_modules\pomelo\lib\common\service\filterService.js:58:15)
    at Filter.before (D:\servers\game-server\node_modules\pomelo\lib\filters\handler\time.js:17:3)
    at next (D:\servers\game-server\node_modules\pomelo\lib\common\service\filterService.js:58:15)
    at Filter.before (D:\servers\game-server\node_modules\pomelo\lib\filters\handler\timeout.js:34:3)
    at next (D:\servers\game-server\node_modules\pomelo\lib\common\service\filterService.js:58:15)
    at Service.beforeFilter (D:\servers\game-server\node_modules\pomelo\lib\common\service\filterService.js:65:3)
    at beforeFilter (D:\servers\game-server\node_modules\pomelo\lib\server\server.js:242:8)
    at doHandle (D:\servers\game-server\node_modules\pomelo\lib\server\server.js:388:3)
    at Server.pro.handle (D:\servers\game-server\node_modules\pomelo\lib\server\server.js:125:3)
[2017-10-19 20:57:24.544] [INFO] pomelo - [32m[D:\servers\game-server\node_modules\pomelo\lib\application.js] [39mapplication inited: "cluster-server-area-0"
[2017-10-19 20:57:25.012] [INFO] pomelo - [32m[D:\servers\game-server\node_modules\pomelo\lib\application.js] [39m"cluster-server-area-0" enter after start...
[2017-10-19 20:57:25.015] [INFO] pomelo - [32m[D:\servers\game-server\node_modules\pomelo\lib\application.js] [39m"cluster-server-area-0" finish start
[2017-10-19 20:57:25.020] [INFO] pomelo - [32m[D:\servers\game-server\node_modules\pomelo\lib\application.js] [39m"cluster-server-area-0" startup in 416 ms
[2017-10-19 20:57:30.490] [DEBUG] pomelo - [36m[D:\servers\game-server\node_modules\pomelo\lib\server\server.js] [39mno default error handler to resolve unknown exception. Error: player not exist!
    at Filter.pro.before (D:\servers\game-server\app\servers\area\filter\unregisterFilter.js:25:18)
    at next (D:\servers\game-server\node_modules\pomelo\lib\common\service\filterService.js:58:15)
    at Filter.before (D:\servers\game-server\node_modules\pomelo\lib\filters\handler\time.js:17:3)
    at next (D:\servers\game-server\node_modules\pomelo\lib\common\service\filterService.js:58:15)
    at Filter.before (D:\servers\game-server\node_modules\pomelo\lib\filters\handler\timeout.js:34:3)
    at next (D:\servers\game-server\node_modules\pomelo\lib\common\service\filterService.js:58:15)
    at Service.beforeFilter (D:\servers\game-server\node_modules\pomelo\lib\common\service\filterService.js:65:3)
    at beforeFilter (D:\servers\game-server\node_modules\pomelo\lib\server\server.js:242:8)
    at doHandle (D:\servers\game-server\node_modules\pomelo\lib\server\server.js:388:3)
    at Server.pro.handle (D:\servers\game-server\node_modules\pomelo\lib\server\server.js:125:3)
[2017-10-19 20:59:39.907] [INFO] pomelo - [32m[D:\servers\game-server\node_modules\pomelo\lib\application.js] [39mapplication inited: "cluster-server-area-0"
[2017-10-19 20:59:40.308] [INFO] pomelo - [32m[D:\servers\game-server\node_modules\pomelo\lib\application.js] [39m"cluster-server-area-0" enter after start...
[2017-10-19 20:59:40.314] [INFO] pomelo - [32m[D:\servers\game-server\node_modules\pomelo\lib\application.js] [39m"cluster-server-area-0" finish start
[2017-10-19 20:59:40.316] [INFO] pomelo - [32m[D:\servers\game-server\node_modules\pomelo\lib\application.js] [39m"cluster-server-area-0" startup in 351 ms
[2017-10-19 20:59:40.361] [DEBUG] pomelo - [36m[D:\servers\game-server\node_modules\pomelo\lib\modules\monitorwatcher.js] [39m[cluster-server-area-0] receive addServer signal: {"action":"addServer","server":{"main":"D:\\servers\\game-server\\app.js","env":"development","id":"cluster-server-connector-0","host":"127.0.0.1","port":3150,"clientHost":"127.0.0.1","clientPort":3010,"clusterCount":1,"frontend":"true","auto-restart":"true","serverType":"connector","pid":12340}}
[2017-10-20 14:21:20.087] [INFO] pomelo - [32m[D:\servers\game-server\node_modules\pomelo\lib\application.js] [39mapplication inited: "cluster-server-area-0"
[2017-10-20 14:21:22.282] [INFO] pomelo - [32m[D:\servers\game-server\node_modules\pomelo\lib\application.js] [39m"cluster-server-area-0" enter after start...
[2017-10-20 14:21:22.282] [INFO] pomelo - [32m[D:\servers\game-server\node_modules\pomelo\lib\application.js] [39m"cluster-server-area-0" finish start
[2017-10-20 14:21:22.292] [INFO] pomelo - [32m[D:\servers\game-server\node_modules\pomelo\lib\application.js] [39m"cluster-server-area-0" startup in 1435 ms
[2017-10-24 19:37:34.995] [INFO] pomelo - [32m[D:\ProjectTest\majiang\babykylin_mahjong_src\servers\game-server\node_modules\pomelo\lib\application.js] [39mapplication inited: "cluster-server-area-0"
[2017-10-24 19:37:35.525] [INFO] pomelo - [32m[D:\ProjectTest\majiang\babykylin_mahjong_src\servers\game-server\node_modules\pomelo\lib\application.js] [39m"cluster-server-area-0" enter after start...
[2017-10-24 19:37:35.525] [INFO] pomelo - [32m[D:\ProjectTest\majiang\babykylin_mahjong_src\servers\game-server\node_modules\pomelo\lib\application.js] [39m"cluster-server-area-0" finish start
[2017-10-24 19:37:35.535] [INFO] pomelo - [32m[D:\ProjectTest\majiang\babykylin_mahjong_src\servers\game-server\node_modules\pomelo\lib\application.js] [39m"cluster-server-area-0" startup in 380 ms
[2017-10-24 19:37:35.545] [DEBUG] pomelo - [36m[D:\ProjectTest\majiang\babykylin_mahjong_src\servers\game-server\node_modules\pomelo\lib\modules\monitorwatcher.js] [39m[cluster-server-area-0] receive addServer signal: {"action":"addServer","server":{"main":"D:\\ProjectTest\\majiang\\babykylin_mahjong_src\\servers\\game-server\\app.js","env":"development","id":"cluster-server-connector-0","host":"127.0.0.1","port":3150,"clientHost":"127.0.0.1","clientPort":3010,"clusterCount":1,"frontend":"true","auto-restart":"true","serverType":"connector","pid":4672}}
[2017-10-24 19:46:18.498] [INFO] pomelo - [32m[D:\ProjectTest\majiang\babykylin_mahjong_src\servers\game-server\node_modules\pomelo\lib\application.js] [39mapplication inited: "cluster-server-area-0"
[2017-10-24 19:46:18.900] [INFO] pomelo - [32m[D:\ProjectTest\majiang\babykylin_mahjong_src\servers\game-server\node_modules\pomelo\lib\application.js] [39m"cluster-server-area-0" enter after start...
[2017-10-24 19:46:18.910] [INFO] pomelo - [32m[D:\ProjectTest\majiang\babykylin_mahjong_src\servers\game-server\node_modules\pomelo\lib\application.js] [39m"cluster-server-area-0" finish start
[2017-10-24 19:46:18.910] [INFO] pomelo - [32m[D:\ProjectTest\majiang\babykylin_mahjong_src\servers\game-server\node_modules\pomelo\lib\application.js] [39m"cluster-server-area-0" startup in 352 ms
[2017-10-24 19:46:18.950] [DEBUG] pomelo - [36m[D:\ProjectTest\majiang\babykylin_mahjong_src\servers\game-server\node_modules\pomelo\lib\modules\monitorwatcher.js] [39m[cluster-server-area-0] receive addServer signal: {"action":"addServer","server":{"main":"D:\\ProjectTest\\majiang\\babykylin_mahjong_src\\servers\\game-server\\app.js","env":"development","id":"cluster-server-connector-0","host":"127.0.0.1","port":3150,"clientHost":"127.0.0.1","clientPort":3010,"clusterCount":1,"frontend":"true","auto-restart":"true","serverType":"connector","pid":7272}}
[2017-10-24 19:48:05.904] [INFO] pomelo - [32m[D:\ProjectTest\majiang\babykylin_mahjong_src\servers\game-server\node_modules\pomelo\lib\application.js] [39mapplication inited: "cluster-server-area-0"
[2017-10-24 19:48:06.314] [INFO] pomelo - [32m[D:\ProjectTest\majiang\babykylin_mahjong_src\servers\game-server\node_modules\pomelo\lib\application.js] [39m"cluster-server-area-0" enter after start...
[2017-10-24 19:48:06.314] [INFO] pomelo - [32m[D:\ProjectTest\majiang\babykylin_mahjong_src\servers\game-server\node_modules\pomelo\lib\application.js] [39m"cluster-server-area-0" finish start
[2017-10-24 19:48:06.314] [INFO] pomelo - [32m[D:\ProjectTest\majiang\babykylin_mahjong_src\servers\game-server\node_modules\pomelo\lib\application.js] [39m"cluster-server-area-0" startup in 350 ms
[2017-10-24 19:49:15.661] [ERROR] pomelo - [31m[D:\ProjectTest\majiang\babykylin_mahjong_src\servers\game-server\node_modules\pomelo\lib\filters\handler\timeout.js] [39mrequest "area.playerHandler.enterScene" timeout.
[2017-10-24 19:49:15.662] [ERROR] pomelo - [31m[D:\ProjectTest\majiang\babykylin_mahjong_src\servers\game-server\node_modules\pomelo\lib\filters\handler\serial.js] [39m[serial filter] msg timeout, msg:{"__route__":"area.playerHandler.enterScene"}
[2017-10-24 19:49:15.663] [WARN] pomelo - [33m[D:\ProjectTest\majiang\babykylin_mahjong_src\servers\game-server\node_modules\pomelo\lib\common\service\handlerService.js] [39mcould not find the method getUserStatus in handler: playerHandler
[2017-10-24 19:49:15.663] [ERROR] pomelo - [31m[D:\ProjectTest\majiang\babykylin_mahjong_src\servers\game-server\node_modules\pomelo\lib\common\service\handlerService.js] [39m[handleManager]: fail to find handler for "area.playerHandler.getUserStatus"
[2017-10-24 19:49:15.664] [DEBUG] pomelo - [36m[D:\ProjectTest\majiang\babykylin_mahjong_src\servers\game-server\node_modules\pomelo\lib\server\server.js] [39mno default error handler to resolve unknown exception. Error: fail to find handler for area.playerHandler.getUserStatus
    at Service.handle (D:\ProjectTest\majiang\babykylin_mahjong_src\servers\game-server\node_modules\pomelo\lib\common\service\handlerService.js:35:30)
    at handle (D:\ProjectTest\majiang\babykylin_mahjong_src\servers\game-server\node_modules\pomelo\lib\server\server.js:375:25)
    at next (D:\ProjectTest\majiang\babykylin_mahjong_src\servers\game-server\node_modules\pomelo\lib\common\service\filterService.js:50:7)
    at Object.fn (D:\ProjectTest\majiang\babykylin_mahjong_src\servers\game-server\node_modules\pomelo\lib\filters\handler\serial.js:21:5)
    at SeqQueue._next (D:\ProjectTest\majiang\babykylin_mahjong_src\servers\game-server\node_modules\seq-queue\lib\seq-queue.js:129:8)
    at D:\ProjectTest\majiang\babykylin_mahjong_src\servers\game-server\node_modules\seq-queue\lib\seq-queue.js:120:9
    at _combinedTickCallback (internal/process/next_tick.js:131:7)
    at process._tickCallback (internal/process/next_tick.js:180:9)
[2017-10-24 19:51:54.219] [INFO] pomelo - [32m[D:\ProjectTest\majiang\babykylin_mahjong_src\servers\game-server\node_modules\pomelo\lib\application.js] [39mapplication inited: "cluster-server-area-0"
[2017-10-24 19:51:54.611] [INFO] pomelo - [32m[D:\ProjectTest\majiang\babykylin_mahjong_src\servers\game-server\node_modules\pomelo\lib\application.js] [39m"cluster-server-area-0" enter after start...
[2017-10-24 19:51:54.611] [INFO] pomelo - [32m[D:\ProjectTest\majiang\babykylin_mahjong_src\servers\game-server\node_modules\pomelo\lib\application.js] [39m"cluster-server-area-0" finish start
[2017-10-24 19:51:54.611] [INFO] pomelo - [32m[D:\ProjectTest\majiang\babykylin_mahjong_src\servers\game-server\node_modules\pomelo\lib\application.js] [39m"cluster-server-area-0" startup in 332 ms
[2017-10-24 19:51:54.641] [DEBUG] pomelo - [36m[D:\ProjectTest\majiang\babykylin_mahjong_src\servers\game-server\node_modules\pomelo\lib\modules\monitorwatcher.js] [39m[cluster-server-area-0] receive addServer signal: {"action":"addServer","server":{"main":"D:\\ProjectTest\\majiang\\babykylin_mahjong_src\\servers\\game-server\\app.js","env":"development","id":"cluster-server-connector-0","host":"127.0.0.1","port":3150,"clientHost":"127.0.0.1","clientPort":3010,"clusterCount":1,"frontend":"true","auto-restart":"true","serverType":"connector","pid":5844}}
[2017-10-24 19:52:39.765] [DEBUG] pomelo - [36m[D:\ProjectTest\majiang\babykylin_mahjong_src\servers\game-server\node_modules\pomelo\lib\server\server.js] [39mno default error handler to resolve unknown exception. Error: player not exist!
    at Filter.pro.before (D:\ProjectTest\majiang\babykylin_mahjong_src\servers\game-server\app\servers\area\filter\unregisterFilter.js:25:18)
    at next (D:\ProjectTest\majiang\babykylin_mahjong_src\servers\game-server\node_modules\pomelo\lib\common\service\filterService.js:58:15)
    at Filter.before (D:\ProjectTest\majiang\babykylin_mahjong_src\servers\game-server\node_modules\pomelo\lib\filters\handler\time.js:17:3)
    at next (D:\ProjectTest\majiang\babykylin_mahjong_src\servers\game-server\node_modules\pomelo\lib\common\service\filterService.js:58:15)
    at Filter.before (D:\ProjectTest\majiang\babykylin_mahjong_src\servers\game-server\node_modules\pomelo\lib\filters\handler\timeout.js:34:3)
    at next (D:\ProjectTest\majiang\babykylin_mahjong_src\servers\game-server\node_modules\pomelo\lib\common\service\filterService.js:58:15)
    at Service.beforeFilter (D:\ProjectTest\majiang\babykylin_mahjong_src\servers\game-server\node_modules\pomelo\lib\common\service\filterService.js:65:3)
    at beforeFilter (D:\ProjectTest\majiang\babykylin_mahjong_src\servers\game-server\node_modules\pomelo\lib\server\server.js:242:8)
    at doHandle (D:\ProjectTest\majiang\babykylin_mahjong_src\servers\game-server\node_modules\pomelo\lib\server\server.js:388:3)
    at Server.pro.handle (D:\ProjectTest\majiang\babykylin_mahjong_src\servers\game-server\node_modules\pomelo\lib\server\server.js:125:3)
[2017-10-24 19:55:04.533] [INFO] pomelo - [32m[D:\ProjectTest\majiang\babykylin_mahjong_src\servers\game-server\node_modules\pomelo\lib\application.js] [39mapplication inited: "cluster-server-area-0"
[2017-10-24 19:55:04.940] [INFO] pomelo - [32m[D:\ProjectTest\majiang\babykylin_mahjong_src\servers\game-server\node_modules\pomelo\lib\application.js] [39m"cluster-server-area-0" enter after start...
[2017-10-24 19:55:04.945] [INFO] pomelo - [32m[D:\ProjectTest\majiang\babykylin_mahjong_src\servers\game-server\node_modules\pomelo\lib\application.js] [39m"cluster-server-area-0" finish start
[2017-10-24 19:55:04.947] [INFO] pomelo - [32m[D:\ProjectTest\majiang\babykylin_mahjong_src\servers\game-server\node_modules\pomelo\lib\application.js] [39m"cluster-server-area-0" startup in 347 ms
[2017-10-24 19:55:04.957] [DEBUG] pomelo - [36m[D:\ProjectTest\majiang\babykylin_mahjong_src\servers\game-server\node_modules\pomelo\lib\modules\monitorwatcher.js] [39m[cluster-server-area-0] receive addServer signal: {"action":"addServer","server":{"main":"D:\\ProjectTest\\majiang\\babykylin_mahjong_src\\servers\\game-server\\app.js","env":"development","id":"cluster-server-connector-0","host":"127.0.0.1","port":3150,"clientHost":"127.0.0.1","clientPort":3010,"clusterCount":1,"frontend":"true","auto-restart":"true","serverType":"connector","pid":4876}}
[2017-10-24 20:03:03.875] [INFO] pomelo - [32m[D:\ProjectTest\majiang\babykylin_mahjong_src\servers\game-server\node_modules\pomelo\lib\application.js] [39mapplication inited: "cluster-server-area-0"
[2017-10-24 20:03:04.245] [INFO] pomelo - [32m[D:\ProjectTest\majiang\babykylin_mahjong_src\servers\game-server\node_modules\pomelo\lib\application.js] [39m"cluster-server-area-0" enter after start...
[2017-10-24 20:03:04.245] [INFO] pomelo - [32m[D:\ProjectTest\majiang\babykylin_mahjong_src\servers\game-server\node_modules\pomelo\lib\application.js] [39m"cluster-server-area-0" finish start
[2017-10-24 20:03:04.255] [INFO] pomelo - [32m[D:\ProjectTest\majiang\babykylin_mahjong_src\servers\game-server\node_modules\pomelo\lib\application.js] [39m"cluster-server-area-0" startup in 330 ms
[2017-10-24 20:03:04.285] [DEBUG] pomelo - [36m[D:\ProjectTest\majiang\babykylin_mahjong_src\servers\game-server\node_modules\pomelo\lib\modules\monitorwatcher.js] [39m[cluster-server-area-0] receive addServer signal: {"action":"addServer","server":{"main":"D:\\ProjectTest\\majiang\\babykylin_mahjong_src\\servers\\game-server\\app.js","env":"development","id":"cluster-server-connector-0","host":"127.0.0.1","port":3150,"clientHost":"127.0.0.1","clientPort":3010,"clusterCount":1,"frontend":"true","auto-restart":"true","serverType":"connector","pid":7540}}
[2017-10-24 20:03:50.286] [INFO] pomelo - [32m[D:\ProjectTest\majiang\babykylin_mahjong_src\servers\game-server\node_modules\pomelo\lib\application.js] [39mapplication inited: "cluster-server-area-0"
[2017-10-24 20:03:50.683] [INFO] pomelo - [32m[D:\ProjectTest\majiang\babykylin_mahjong_src\servers\game-server\node_modules\pomelo\lib\application.js] [39m"cluster-server-area-0" enter after start...
[2017-10-24 20:03:50.687] [INFO] pomelo - [32m[D:\ProjectTest\majiang\babykylin_mahjong_src\servers\game-server\node_modules\pomelo\lib\application.js] [39m"cluster-server-area-0" finish start
[2017-10-24 20:03:50.689] [INFO] pomelo - [32m[D:\ProjectTest\majiang\babykylin_mahjong_src\servers\game-server\node_modules\pomelo\lib\application.js] [39m"cluster-server-area-0" startup in 342 ms
[2017-10-24 20:13:58.230] [INFO] pomelo - [32m[D:\ProjectTest\majiang\babykylin_mahjong_src\servers\game-server\node_modules\pomelo\lib\application.js] [39mapplication inited: "cluster-server-area-0"
[2017-10-24 20:13:58.673] [INFO] pomelo - [32m[D:\ProjectTest\majiang\babykylin_mahjong_src\servers\game-server\node_modules\pomelo\lib\application.js] [39m"cluster-server-area-0" enter after start...
[2017-10-24 20:13:58.677] [INFO] pomelo - [32m[D:\ProjectTest\majiang\babykylin_mahjong_src\servers\game-server\node_modules\pomelo\lib\application.js] [39m"cluster-server-area-0" finish start
[2017-10-24 20:13:58.679] [INFO] pomelo - [32m[D:\ProjectTest\majiang\babykylin_mahjong_src\servers\game-server\node_modules\pomelo\lib\application.js] [39m"cluster-server-area-0" startup in 373 ms
[2017-10-24 20:13:58.706] [DEBUG] pomelo - [36m[D:\ProjectTest\majiang\babykylin_mahjong_src\servers\game-server\node_modules\pomelo\lib\modules\monitorwatcher.js] [39m[cluster-server-area-0] receive addServer signal: {"action":"addServer","server":{"main":"D:\\ProjectTest\\majiang\\babykylin_mahjong_src\\servers\\game-server\\app.js","env":"development","id":"cluster-server-connector-0","host":"127.0.0.1","port":3150,"clientHost":"127.0.0.1","clientPort":3010,"clusterCount":1,"frontend":"true","auto-restart":"true","serverType":"connector","pid":10044}}
[2017-10-24 20:16:47.517] [WARN] pomelo - [33m[D:\ProjectTest\majiang\babykylin_mahjong_src\servers\game-server\node_modules\pomelo\lib\common\service\handlerService.js] [39mcould not find the method getUserStatus in handler: playerHandler
[2017-10-24 20:16:47.518] [ERROR] pomelo - [31m[D:\ProjectTest\majiang\babykylin_mahjong_src\servers\game-server\node_modules\pomelo\lib\common\service\handlerService.js] [39m[handleManager]: fail to find handler for "area.playerHandler.getUserStatus"
[2017-10-24 20:16:47.518] [DEBUG] pomelo - [36m[D:\ProjectTest\majiang\babykylin_mahjong_src\servers\game-server\node_modules\pomelo\lib\server\server.js] [39mno default error handler to resolve unknown exception. Error: fail to find handler for area.playerHandler.getUserStatus
    at Service.handle (D:\ProjectTest\majiang\babykylin_mahjong_src\servers\game-server\node_modules\pomelo\lib\common\service\handlerService.js:35:30)
    at handle (D:\ProjectTest\majiang\babykylin_mahjong_src\servers\game-server\node_modules\pomelo\lib\server\server.js:375:25)
    at next (D:\ProjectTest\majiang\babykylin_mahjong_src\servers\game-server\node_modules\pomelo\lib\common\service\filterService.js:50:7)
    at Object.fn (D:\ProjectTest\majiang\babykylin_mahjong_src\servers\game-server\node_modules\pomelo\lib\filters\handler\serial.js:21:5)
    at SeqQueue._next (D:\ProjectTest\majiang\babykylin_mahjong_src\servers\game-server\node_modules\seq-queue\lib\seq-queue.js:129:8)
    at D:\ProjectTest\majiang\babykylin_mahjong_src\servers\game-server\node_modules\seq-queue\lib\seq-queue.js:54:9
    at _combinedTickCallback (internal/process/next_tick.js:131:7)
    at process._tickCallback (internal/process/next_tick.js:180:9)
[2017-10-24 20:25:51.868] [INFO] pomelo - [32m[D:\ProjectTest\majiang\babykylin_mahjong_src\servers\game-server\node_modules\pomelo\lib\application.js] [39mapplication inited: "cluster-server-area-0"
[2017-10-24 20:25:52.268] [INFO] pomelo - [32m[D:\ProjectTest\majiang\babykylin_mahjong_src\servers\game-server\node_modules\pomelo\lib\application.js] [39m"cluster-server-area-0" enter after start...
[2017-10-24 20:25:52.268] [INFO] pomelo - [32m[D:\ProjectTest\majiang\babykylin_mahjong_src\servers\game-server\node_modules\pomelo\lib\application.js] [39m"cluster-server-area-0" finish start
[2017-10-24 20:25:52.268] [INFO] pomelo - [32m[D:\ProjectTest\majiang\babykylin_mahjong_src\servers\game-server\node_modules\pomelo\lib\application.js] [39m"cluster-server-area-0" startup in 340 ms
[2017-10-24 20:25:52.288] [DEBUG] pomelo - [36m[D:\ProjectTest\majiang\babykylin_mahjong_src\servers\game-server\node_modules\pomelo\lib\modules\monitorwatcher.js] [39m[cluster-server-area-0] receive addServer signal: {"action":"addServer","server":{"main":"D:\\ProjectTest\\majiang\\babykylin_mahjong_src\\servers\\game-server\\app.js","env":"development","id":"cluster-server-connector-0","host":"127.0.0.1","port":3150,"clientHost":"127.0.0.1","clientPort":3010,"clusterCount":1,"frontend":"true","auto-restart":"true","serverType":"connector","pid":9752}}
[2017-10-24 20:29:46.420] [INFO] pomelo - [32m[D:\ProjectTest\majiang\babykylin_mahjong_src\servers\game-server\node_modules\pomelo\lib\application.js] [39mapplication inited: "cluster-server-area-0"
[2017-10-24 20:29:46.810] [INFO] pomelo - [32m[D:\ProjectTest\majiang\babykylin_mahjong_src\servers\game-server\node_modules\pomelo\lib\application.js] [39m"cluster-server-area-0" enter after start...
[2017-10-24 20:29:46.820] [INFO] pomelo - [32m[D:\ProjectTest\majiang\babykylin_mahjong_src\servers\game-server\node_modules\pomelo\lib\application.js] [39m"cluster-server-area-0" finish start
[2017-10-24 20:29:46.820] [INFO] pomelo - [32m[D:\ProjectTest\majiang\babykylin_mahjong_src\servers\game-server\node_modules\pomelo\lib\application.js] [39m"cluster-server-area-0" startup in 330 ms
[2017-10-24 20:29:46.850] [DEBUG] pomelo - [36m[D:\ProjectTest\majiang\babykylin_mahjong_src\servers\game-server\node_modules\pomelo\lib\modules\monitorwatcher.js] [39m[cluster-server-area-0] receive addServer signal: {"action":"addServer","server":{"main":"D:\\ProjectTest\\majiang\\babykylin_mahjong_src\\servers\\game-server\\app.js","env":"development","id":"cluster-server-connector-0","host":"127.0.0.1","port":3150,"clientHost":"127.0.0.1","clientPort":3010,"clusterCount":1,"frontend":"true","auto-restart":"true","serverType":"connector","pid":11748}}
[2017-10-24 20:31:14.891] [INFO] pomelo - [32m[D:\ProjectTest\majiang\babykylin_mahjong_src\servers\game-server\node_modules\pomelo\lib\application.js] [39mapplication inited: "cluster-server-area-0"
[2017-10-24 20:31:15.311] [INFO] pomelo - [32m[D:\ProjectTest\majiang\babykylin_mahjong_src\servers\game-server\node_modules\pomelo\lib\application.js] [39m"cluster-server-area-0" enter after start...
[2017-10-24 20:31:15.311] [INFO] pomelo - [32m[D:\ProjectTest\majiang\babykylin_mahjong_src\servers\game-server\node_modules\pomelo\lib\application.js] [39m"cluster-server-area-0" finish start
[2017-10-24 20:31:15.311] [INFO] pomelo - [32m[D:\ProjectTest\majiang\babykylin_mahjong_src\servers\game-server\node_modules\pomelo\lib\application.js] [39m"cluster-server-area-0" startup in 360 ms
[2017-10-25 16:30:08.207] [INFO] pomelo - [32m[D:\ProjectTest\majiang\babykylin_mahjong_src\servers\game-server\node_modules\pomelo\lib\application.js] [39mapplication inited: "cluster-server-area-0"
[2017-10-25 16:30:08.622] [INFO] pomelo - [32m[D:\ProjectTest\majiang\babykylin_mahjong_src\servers\game-server\node_modules\pomelo\lib\application.js] [39m"cluster-server-area-0" enter after start...
[2017-10-25 16:30:08.622] [INFO] pomelo - [32m[D:\ProjectTest\majiang\babykylin_mahjong_src\servers\game-server\node_modules\pomelo\lib\application.js] [39m"cluster-server-area-0" finish start
[2017-10-25 16:30:08.622] [INFO] pomelo - [32m[D:\ProjectTest\majiang\babykylin_mahjong_src\servers\game-server\node_modules\pomelo\lib\application.js] [39m"cluster-server-area-0" startup in 352 ms
[2017-10-25 16:30:08.653] [DEBUG] pomelo - [36m[D:\ProjectTest\majiang\babykylin_mahjong_src\servers\game-server\node_modules\pomelo\lib\modules\monitorwatcher.js] [39m[cluster-server-area-0] receive addServer signal: {"action":"addServer","server":{"main":"D:\\ProjectTest\\majiang\\babykylin_mahjong_src\\servers\\game-server\\app.js","env":"development","id":"cluster-server-connector-0","host":"127.0.0.1","port":3150,"clientHost":"127.0.0.1","clientPort":3010,"clusterCount":1,"frontend":"true","auto-restart":"true","serverType":"connector","pid":11504}}
[2017-10-25 17:36:09.794] [INFO] pomelo - [32m[D:\ProjectTest\majiang\babykylin_mahjong_src\servers\game-server\node_modules\pomelo\lib\application.js] [39mapplication inited: "cluster-server-area-0"
[2017-10-25 17:36:10.368] [INFO] pomelo - [32m[D:\ProjectTest\majiang\babykylin_mahjong_src\servers\game-server\node_modules\pomelo\lib\application.js] [39m"cluster-server-area-0" enter after start...
[2017-10-25 17:36:10.378] [INFO] pomelo - [32m[D:\ProjectTest\majiang\babykylin_mahjong_src\servers\game-server\node_modules\pomelo\lib\application.js] [39m"cluster-server-area-0" finish start
[2017-10-25 17:36:10.378] [INFO] pomelo - [32m[D:\ProjectTest\majiang\babykylin_mahjong_src\servers\game-server\node_modules\pomelo\lib\application.js] [39m"cluster-server-area-0" startup in 434 ms
[2017-10-25 17:36:10.425] [DEBUG] pomelo - [36m[D:\ProjectTest\majiang\babykylin_mahjong_src\servers\game-server\node_modules\pomelo\lib\modules\monitorwatcher.js] [39m[cluster-server-area-0] receive addServer signal: {"action":"addServer","server":{"main":"D:\\ProjectTest\\majiang\\babykylin_mahjong_src\\servers\\game-server\\app.js","env":"development","id":"cluster-server-connector-0","host":"127.0.0.1","port":3150,"clientHost":"127.0.0.1","clientPort":3010,"clusterCount":1,"frontend":"true","auto-restart":"true","serverType":"connector","pid":9100}}
[2017-10-25 17:36:23.654] [ERROR] pomelo - [31m[D:\ProjectTest\majiang\babykylin_mahjong_src\servers\game-server\node_modules\pomelo\lib\filters\handler\timeout.js] [39mrequest "area.playerHandler.getUserStatus" timeout.
[2017-10-25 17:36:23.654] [ERROR] pomelo - [31m[D:\ProjectTest\majiang\babykylin_mahjong_src\servers\game-server\node_modules\pomelo\lib\filters\handler\serial.js] [39m[serial filter] msg timeout, msg:{"account":"1504755975115","sign":0,"__route__":"area.playerHandler.getUserStatus"}
[2017-10-25 17:38:20.234] [INFO] pomelo - [32m[D:\ProjectTest\majiang\babykylin_mahjong_src\servers\game-server\node_modules\pomelo\lib\application.js] [39mapplication inited: "cluster-server-area-0"
[2017-10-25 17:38:20.669] [INFO] pomelo - [32m[D:\ProjectTest\majiang\babykylin_mahjong_src\servers\game-server\node_modules\pomelo\lib\application.js] [39m"cluster-server-area-0" enter after start...
[2017-10-25 17:38:20.679] [INFO] pomelo - [32m[D:\ProjectTest\majiang\babykylin_mahjong_src\servers\game-server\node_modules\pomelo\lib\application.js] [39m"cluster-server-area-0" finish start
[2017-10-25 17:38:20.679] [INFO] pomelo - [32m[D:\ProjectTest\majiang\babykylin_mahjong_src\servers\game-server\node_modules\pomelo\lib\application.js] [39m"cluster-server-area-0" startup in 385 ms
[2017-10-25 17:38:20.709] [DEBUG] pomelo - [36m[D:\ProjectTest\majiang\babykylin_mahjong_src\servers\game-server\node_modules\pomelo\lib\modules\monitorwatcher.js] [39m[cluster-server-area-0] receive addServer signal: {"action":"addServer","server":{"main":"D:\\ProjectTest\\majiang\\babykylin_mahjong_src\\servers\\game-server\\app.js","env":"development","id":"cluster-server-connector-0","host":"127.0.0.1","port":3150,"clientHost":"127.0.0.1","clientPort":3010,"clusterCount":1,"frontend":"true","auto-restart":"true","serverType":"connector","pid":13444}}
[2017-10-25 17:38:31.648] [WARN] pomelo - [33m[D:\ProjectTest\majiang\babykylin_mahjong_src\servers\game-server\node_modules\pomelo\lib\common\service\channelService.js] [39mignore uid 10000 for sid not specified.
[2017-10-25 17:38:31.649] [DEBUG] pomelo - [36m[D:\ProjectTest\majiang\babykylin_mahjong_src\servers\game-server\node_modules\pomelo\lib\common\service\channelService.js] [39m[cluster-server-area-0] channelService sendMessageByGroup route: player.updateGem, msg: {"code":200,"gems":20}, groups: {}, opts: {}
[2017-10-25 17:40:38.396] [INFO] pomelo - [32m[D:\ProjectTest\majiang\babykylin_mahjong_src\servers\game-server\node_modules\pomelo\lib\application.js] [39mapplication inited: "cluster-server-area-0"
[2017-10-25 17:40:38.868] [INFO] pomelo - [32m[D:\ProjectTest\majiang\babykylin_mahjong_src\servers\game-server\node_modules\pomelo\lib\application.js] [39m"cluster-server-area-0" enter after start...
[2017-10-25 17:40:38.872] [INFO] pomelo - [32m[D:\ProjectTest\majiang\babykylin_mahjong_src\servers\game-server\node_modules\pomelo\lib\application.js] [39m"cluster-server-area-0" finish start
[2017-10-25 17:40:38.874] [INFO] pomelo - [32m[D:\ProjectTest\majiang\babykylin_mahjong_src\servers\game-server\node_modules\pomelo\lib\application.js] [39m"cluster-server-area-0" startup in 397 ms
[2017-10-25 17:48:40.053] [INFO] pomelo - [32m[D:\ProjectTest\majiang\babykylin_mahjong_src\servers\game-server\node_modules\pomelo\lib\application.js] [39mapplication inited: "cluster-server-area-0"
[2017-10-25 17:48:40.541] [INFO] pomelo - [32m[D:\ProjectTest\majiang\babykylin_mahjong_src\servers\game-server\node_modules\pomelo\lib\application.js] [39m"cluster-server-area-0" enter after start...
[2017-10-25 17:48:40.545] [INFO] pomelo - [32m[D:\ProjectTest\majiang\babykylin_mahjong_src\servers\game-server\node_modules\pomelo\lib\application.js] [39m"cluster-server-area-0" finish start
[2017-10-25 17:48:40.547] [INFO] pomelo - [32m[D:\ProjectTest\majiang\babykylin_mahjong_src\servers\game-server\node_modules\pomelo\lib\application.js] [39m"cluster-server-area-0" startup in 431 ms
[2017-10-25 17:50:01.481] [INFO] pomelo - [32m[D:\ProjectTest\majiang\babykylin_mahjong_src\servers\game-server\node_modules\pomelo\lib\application.js] [39mapplication inited: "cluster-server-area-0"
[2017-10-25 17:50:01.975] [INFO] pomelo - [32m[D:\ProjectTest\majiang\babykylin_mahjong_src\servers\game-server\node_modules\pomelo\lib\application.js] [39m"cluster-server-area-0" enter after start...
[2017-10-25 17:50:01.975] [INFO] pomelo - [32m[D:\ProjectTest\majiang\babykylin_mahjong_src\servers\game-server\node_modules\pomelo\lib\application.js] [39m"cluster-server-area-0" finish start
[2017-10-25 17:50:01.985] [INFO] pomelo - [32m[D:\ProjectTest\majiang\babykylin_mahjong_src\servers\game-server\node_modules\pomelo\lib\application.js] [39m"cluster-server-area-0" startup in 442 ms
[2017-10-25 17:50:01.985] [DEBUG] pomelo - [36m[D:\ProjectTest\majiang\babykylin_mahjong_src\servers\game-server\node_modules\pomelo\lib\modules\monitorwatcher.js] [39m[cluster-server-area-0] receive addServer signal: {"action":"addServer","server":{"main":"D:\\ProjectTest\\majiang\\babykylin_mahjong_src\\servers\\game-server\\app.js","env":"development","id":"cluster-server-connector-0","host":"127.0.0.1","port":3150,"clientHost":"127.0.0.1","clientPort":3010,"clusterCount":1,"frontend":"true","auto-restart":"true","serverType":"connector","pid":11108}}
[2017-10-25 17:50:02.263] [DEBUG] pomelo - [36m[D:\ProjectTest\majiang\babykylin_mahjong_src\servers\game-server\node_modules\pomelo\lib\modules\monitorwatcher.js] [39m[cluster-server-area-0] receive addServer signal: {"action":"addServer","server":{"main":"D:\\ProjectTest\\majiang\\babykylin_mahjong_src\\servers\\game-server\\app.js","env":"development","id":"world-server","host":"127.0.0.1","port":3550,"serverType":"world","pid":10980}}
[2017-10-25 17:51:08.541] [INFO] pomelo - [32m[D:\ProjectTest\majiang\babykylin_mahjong_src\servers\game-server\node_modules\pomelo\lib\application.js] [39mapplication inited: "cluster-server-area-0"
[2017-10-25 17:51:09.003] [INFO] pomelo - [32m[D:\ProjectTest\majiang\babykylin_mahjong_src\servers\game-server\node_modules\pomelo\lib\application.js] [39m"cluster-server-area-0" enter after start...
[2017-10-25 17:51:09.003] [INFO] pomelo - [32m[D:\ProjectTest\majiang\babykylin_mahjong_src\servers\game-server\node_modules\pomelo\lib\application.js] [39m"cluster-server-area-0" finish start
[2017-10-25 17:51:09.003] [INFO] pomelo - [32m[D:\ProjectTest\majiang\babykylin_mahjong_src\servers\game-server\node_modules\pomelo\lib\application.js] [39m"cluster-server-area-0" startup in 402 ms
[2017-10-25 17:51:53.192] [INFO] pomelo - [32m[D:\ProjectTest\majiang\babykylin_mahjong_src\servers\game-server\node_modules\pomelo\lib\application.js] [39mapplication inited: "cluster-server-area-0"
[2017-10-25 17:51:53.592] [INFO] pomelo - [32m[D:\ProjectTest\majiang\babykylin_mahjong_src\servers\game-server\node_modules\pomelo\lib\application.js] [39m"cluster-server-area-0" enter after start...
[2017-10-25 17:51:53.602] [INFO] pomelo - [32m[D:\ProjectTest\majiang\babykylin_mahjong_src\servers\game-server\node_modules\pomelo\lib\application.js] [39m"cluster-server-area-0" finish start
[2017-10-25 17:51:53.602] [INFO] pomelo - [32m[D:\ProjectTest\majiang\babykylin_mahjong_src\servers\game-server\node_modules\pomelo\lib\application.js] [39m"cluster-server-area-0" startup in 350 ms
[2017-10-25 17:52:21.811] [INFO] pomelo - [32m[D:\ProjectTest\majiang\babykylin_mahjong_src\servers\game-server\node_modules\pomelo\lib\application.js] [39mapplication inited: "cluster-server-area-0"
[2017-10-25 17:52:22.282] [INFO] pomelo - [32m[D:\ProjectTest\majiang\babykylin_mahjong_src\servers\game-server\node_modules\pomelo\lib\application.js] [39m"cluster-server-area-0" enter after start...
[2017-10-25 17:52:22.286] [INFO] pomelo - [32m[D:\ProjectTest\majiang\babykylin_mahjong_src\servers\game-server\node_modules\pomelo\lib\application.js] [39m"cluster-server-area-0" finish start
[2017-10-25 17:52:22.288] [INFO] pomelo - [32m[D:\ProjectTest\majiang\babykylin_mahjong_src\servers\game-server\node_modules\pomelo\lib\application.js] [39m"cluster-server-area-0" startup in 414 ms
[2017-10-25 17:52:22.377] [DEBUG] pomelo - [36m[D:\ProjectTest\majiang\babykylin_mahjong_src\servers\game-server\node_modules\pomelo\lib\modules\monitorwatcher.js] [39m[cluster-server-area-0] receive addServer signal: {"action":"addServer","server":{"main":"D:\\ProjectTest\\majiang\\babykylin_mahjong_src\\servers\\game-server\\app.js","env":"development","id":"cluster-server-connector-0","host":"127.0.0.1","port":3150,"clientHost":"127.0.0.1","clientPort":3010,"clusterCount":1,"frontend":"true","auto-restart":"true","serverType":"connector","pid":3208}}
[2017-10-25 17:52:53.289] [INFO] pomelo - [32m[D:\ProjectTest\majiang\babykylin_mahjong_src\servers\game-server\node_modules\pomelo\lib\application.js] [39mapplication inited: "cluster-server-area-0"
[2017-10-25 17:52:53.739] [INFO] pomelo - [32m[D:\ProjectTest\majiang\babykylin_mahjong_src\servers\game-server\node_modules\pomelo\lib\application.js] [39m"cluster-server-area-0" enter after start...
[2017-10-25 17:52:53.749] [INFO] pomelo - [32m[D:\ProjectTest\majiang\babykylin_mahjong_src\servers\game-server\node_modules\pomelo\lib\application.js] [39m"cluster-server-area-0" finish start
[2017-10-25 17:52:53.749] [INFO] pomelo - [32m[D:\ProjectTest\majiang\babykylin_mahjong_src\servers\game-server\node_modules\pomelo\lib\application.js] [39m"cluster-server-area-0" startup in 390 ms
[2017-10-25 17:55:06.956] [ERROR] pomelo - [31m[D:\ProjectTest\majiang\babykylin_mahjong_src\servers\game-server\node_modules\pomelo\lib\filters\handler\timeout.js] [39mrequest "area.playerHandler.enterScene" timeout.
[2017-10-25 17:55:06.957] [ERROR] pomelo - [31m[D:\ProjectTest\majiang\babykylin_mahjong_src\servers\game-server\node_modules\pomelo\lib\filters\handler\serial.js] [39m[serial filter] msg timeout, msg:{"__route__":"area.playerHandler.enterScene"}
[2017-10-25 18:05:20.730] [INFO] pomelo - [32m[D:\ProjectTest\majiang\babykylin_mahjong_src\servers\game-server\node_modules\pomelo\lib\application.js] [39mapplication inited: "cluster-server-area-0"
[2017-10-25 18:05:21.193] [INFO] pomelo - [32m[D:\ProjectTest\majiang\babykylin_mahjong_src\servers\game-server\node_modules\pomelo\lib\application.js] [39m"cluster-server-area-0" enter after start...
[2017-10-25 18:05:21.203] [INFO] pomelo - [32m[D:\ProjectTest\majiang\babykylin_mahjong_src\servers\game-server\node_modules\pomelo\lib\application.js] [39m"cluster-server-area-0" finish start
[2017-10-25 18:05:21.203] [INFO] pomelo - [32m[D:\ProjectTest\majiang\babykylin_mahjong_src\servers\game-server\node_modules\pomelo\lib\application.js] [39m"cluster-server-area-0" startup in 405 ms
[2017-10-25 18:05:21.285] [DEBUG] pomelo - [36m[D:\ProjectTest\majiang\babykylin_mahjong_src\servers\game-server\node_modules\pomelo\lib\modules\monitorwatcher.js] [39m[cluster-server-area-0] receive addServer signal: {"action":"addServer","server":{"main":"D:\\ProjectTest\\majiang\\babykylin_mahjong_src\\servers\\game-server\\app.js","env":"development","id":"cluster-server-connector-0","host":"127.0.0.1","port":3150,"clientHost":"127.0.0.1","clientPort":3010,"clusterCount":1,"frontend":"true","auto-restart":"true","serverType":"connector","pid":13340}}
[2017-10-25 18:06:30.021] [INFO] pomelo - [32m[D:\ProjectTest\majiang\babykylin_mahjong_src\servers\game-server\node_modules\pomelo\lib\application.js] [39mapplication inited: "cluster-server-area-0"
[2017-10-25 18:06:30.421] [INFO] pomelo - [32m[D:\ProjectTest\majiang\babykylin_mahjong_src\servers\game-server\node_modules\pomelo\lib\application.js] [39m"cluster-server-area-0" enter after start...
[2017-10-25 18:06:30.431] [INFO] pomelo - [32m[D:\ProjectTest\majiang\babykylin_mahjong_src\servers\game-server\node_modules\pomelo\lib\application.js] [39m"cluster-server-area-0" finish start
[2017-10-25 18:06:30.431] [INFO] pomelo - [32m[D:\ProjectTest\majiang\babykylin_mahjong_src\servers\game-server\node_modules\pomelo\lib\application.js] [39m"cluster-server-area-0" startup in 350 ms
[2017-10-25 18:07:17.201] [INFO] pomelo - [32m[D:\ProjectTest\majiang\babykylin_mahjong_src\servers\game-server\node_modules\pomelo\lib\application.js] [39mapplication inited: "cluster-server-area-0"
[2017-10-25 18:07:17.674] [INFO] pomelo - [32m[D:\ProjectTest\majiang\babykylin_mahjong_src\servers\game-server\node_modules\pomelo\lib\application.js] [39m"cluster-server-area-0" enter after start...
[2017-10-25 18:07:17.678] [INFO] pomelo - [32m[D:\ProjectTest\majiang\babykylin_mahjong_src\servers\game-server\node_modules\pomelo\lib\application.js] [39m"cluster-server-area-0" finish start
[2017-10-25 18:07:17.680] [INFO] pomelo - [32m[D:\ProjectTest\majiang\babykylin_mahjong_src\servers\game-server\node_modules\pomelo\lib\application.js] [39m"cluster-server-area-0" startup in 413 ms
[2017-10-25 18:07:17.756] [DEBUG] pomelo - [36m[D:\ProjectTest\majiang\babykylin_mahjong_src\servers\game-server\node_modules\pomelo\lib\modules\monitorwatcher.js] [39m[cluster-server-area-0] receive addServer signal: {"action":"addServer","server":{"main":"D:\\ProjectTest\\majiang\\babykylin_mahjong_src\\servers\\game-server\\app.js","env":"development","id":"cluster-server-connector-0","host":"127.0.0.1","port":3150,"clientHost":"127.0.0.1","clientPort":3010,"clusterCount":1,"frontend":"true","auto-restart":"true","serverType":"connector","pid":12344}}
[2017-10-25 18:08:03.281] [ERROR] pomelo - [31m[D:\ProjectTest\majiang\babykylin_mahjong_src\servers\game-server\node_modules\pomelo\lib\filters\handler\timeout.js] [39mrequest "area.playerHandler.enterScene" timeout.
[2017-10-25 18:08:03.282] [ERROR] pomelo - [31m[D:\ProjectTest\majiang\babykylin_mahjong_src\servers\game-server\node_modules\pomelo\lib\filters\handler\serial.js] [39m[serial filter] msg timeout, msg:{"__route__":"area.playerHandler.enterScene"}
[2017-10-25 18:14:29.837] [INFO] pomelo - [32m[D:\ProjectTest\majiang\babykylin_mahjong_src\servers\game-server\node_modules\pomelo\lib\application.js] [39mapplication inited: "cluster-server-area-0"
[2017-10-25 18:14:30.280] [INFO] pomelo - [32m[D:\ProjectTest\majiang\babykylin_mahjong_src\servers\game-server\node_modules\pomelo\lib\application.js] [39m"cluster-server-area-0" enter after start...
[2017-10-25 18:14:30.283] [INFO] pomelo - [32m[D:\ProjectTest\majiang\babykylin_mahjong_src\servers\game-server\node_modules\pomelo\lib\application.js] [39m"cluster-server-area-0" finish start
[2017-10-25 18:14:30.285] [INFO] pomelo - [32m[D:\ProjectTest\majiang\babykylin_mahjong_src\servers\game-server\node_modules\pomelo\lib\application.js] [39m"cluster-server-area-0" startup in 384 ms
[2017-10-25 18:14:30.484] [DEBUG] pomelo - [36m[D:\ProjectTest\majiang\babykylin_mahjong_src\servers\game-server\node_modules\pomelo\lib\modules\monitorwatcher.js] [39m[cluster-server-area-0] receive addServer signal: {"action":"addServer","server":{"main":"D:\\ProjectTest\\majiang\\babykylin_mahjong_src\\servers\\game-server\\app.js","env":"development","id":"cluster-server-connector-0","host":"127.0.0.1","port":3150,"clientHost":"127.0.0.1","clientPort":3010,"clusterCount":1,"frontend":"true","auto-restart":"true","serverType":"connector","pid":13344}}
[2017-10-25 18:16:12.123] [INFO] pomelo - [32m[D:\ProjectTest\majiang\babykylin_mahjong_src\servers\game-server\node_modules\pomelo\lib\application.js] [39mapplication inited: "cluster-server-area-0"
[2017-10-25 18:16:12.531] [INFO] pomelo - [32m[D:\ProjectTest\majiang\babykylin_mahjong_src\servers\game-server\node_modules\pomelo\lib\application.js] [39m"cluster-server-area-0" enter after start...
[2017-10-25 18:16:12.541] [INFO] pomelo - [32m[D:\ProjectTest\majiang\babykylin_mahjong_src\servers\game-server\node_modules\pomelo\lib\application.js] [39m"cluster-server-area-0" finish start
[2017-10-25 18:16:12.541] [INFO] pomelo - [32m[D:\ProjectTest\majiang\babykylin_mahjong_src\servers\game-server\node_modules\pomelo\lib\application.js] [39m"cluster-server-area-0" startup in 360 ms
[2017-10-25 18:16:38.345] [ERROR] pomelo - [31m[D:\ProjectTest\majiang\babykylin_mahjong_src\servers\game-server\node_modules\pomelo\lib\filters\handler\timeout.js] [39mrequest "area.playerHandler.enterScene" timeout.
[2017-10-25 18:16:38.346] [ERROR] pomelo - [31m[D:\ProjectTest\majiang\babykylin_mahjong_src\servers\game-server\node_modules\pomelo\lib\filters\handler\serial.js] [39m[serial filter] msg timeout, msg:{"__route__":"area.playerHandler.enterScene"}
[2017-10-25 18:19:13.314] [INFO] pomelo - [32m[D:\ProjectTest\majiang\babykylin_mahjong_src\servers\game-server\node_modules\pomelo\lib\application.js] [39mapplication inited: "cluster-server-area-0"
[2017-10-25 18:19:13.795] [INFO] pomelo - [32m[D:\ProjectTest\majiang\babykylin_mahjong_src\servers\game-server\node_modules\pomelo\lib\application.js] [39m"cluster-server-area-0" enter after start...
[2017-10-25 18:19:13.795] [INFO] pomelo - [32m[D:\ProjectTest\majiang\babykylin_mahjong_src\servers\game-server\node_modules\pomelo\lib\application.js] [39m"cluster-server-area-0" finish start
[2017-10-25 18:19:13.805] [INFO] pomelo - [32m[D:\ProjectTest\majiang\babykylin_mahjong_src\servers\game-server\node_modules\pomelo\lib\application.js] [39m"cluster-server-area-0" startup in 431 ms
[2017-10-25 18:19:13.945] [DEBUG] pomelo - [36m[D:\ProjectTest\majiang\babykylin_mahjong_src\servers\game-server\node_modules\pomelo\lib\modules\monitorwatcher.js] [39m[cluster-server-area-0] receive addServer signal: {"action":"addServer","server":{"main":"D:\\ProjectTest\\majiang\\babykylin_mahjong_src\\servers\\game-server\\app.js","env":"development","id":"cluster-server-connector-0","host":"127.0.0.1","port":3150,"clientHost":"127.0.0.1","clientPort":3010,"clusterCount":1,"frontend":"true","auto-restart":"true","serverType":"connector","pid":12652}}
[2017-10-25 18:20:09.902] [ERROR] pomelo - [31m[D:\ProjectTest\majiang\babykylin_mahjong_src\servers\game-server\node_modules\pomelo\lib\filters\handler\timeout.js] [39mrequest "area.playerHandler.enterScene" timeout.
[2017-10-25 18:20:09.903] [ERROR] pomelo - [31m[D:\ProjectTest\majiang\babykylin_mahjong_src\servers\game-server\node_modules\pomelo\lib\filters\handler\serial.js] [39m[serial filter] msg timeout, msg:{"__route__":"area.playerHandler.enterScene"}
[2017-10-25 18:32:44.560] [INFO] pomelo - [32m[D:\ProjectTest\majiang\babykylin_mahjong_src\servers\game-server\node_modules\pomelo\lib\application.js] [39mapplication inited: "cluster-server-area-0"
[2017-10-25 18:32:44.970] [INFO] pomelo - [32m[D:\ProjectTest\majiang\babykylin_mahjong_src\servers\game-server\node_modules\pomelo\lib\application.js] [39m"cluster-server-area-0" enter after start...
[2017-10-25 18:32:44.970] [INFO] pomelo - [32m[D:\ProjectTest\majiang\babykylin_mahjong_src\servers\game-server\node_modules\pomelo\lib\application.js] [39m"cluster-server-area-0" finish start
[2017-10-25 18:32:44.980] [INFO] pomelo - [32m[D:\ProjectTest\majiang\babykylin_mahjong_src\servers\game-server\node_modules\pomelo\lib\application.js] [39m"cluster-server-area-0" startup in 360 ms
[2017-10-25 18:33:19.041] [INFO] pomelo - [32m[D:\ProjectTest\majiang\babykylin_mahjong_src\servers\game-server\node_modules\pomelo\lib\application.js] [39mapplication inited: "cluster-server-area-0"
[2017-10-25 18:33:19.451] [INFO] pomelo - [32m[D:\ProjectTest\majiang\babykylin_mahjong_src\servers\game-server\node_modules\pomelo\lib\application.js] [39m"cluster-server-area-0" enter after start...
[2017-10-25 18:33:19.461] [INFO] pomelo - [32m[D:\ProjectTest\majiang\babykylin_mahjong_src\servers\game-server\node_modules\pomelo\lib\application.js] [39m"cluster-server-area-0" finish start
[2017-10-25 18:33:19.461] [INFO] pomelo - [32m[D:\ProjectTest\majiang\babykylin_mahjong_src\servers\game-server\node_modules\pomelo\lib\application.js] [39m"cluster-server-area-0" startup in 360 ms
[2017-10-25 18:33:19.461] [DEBUG] pomelo - [36m[D:\ProjectTest\majiang\babykylin_mahjong_src\servers\game-server\node_modules\pomelo\lib\modules\monitorwatcher.js] [39m[cluster-server-area-0] receive addServer signal: {"action":"addServer","server":{"main":"D:\\ProjectTest\\majiang\\babykylin_mahjong_src\\servers\\game-server\\app.js","env":"development","id":"cluster-server-connector-0","host":"127.0.0.1","port":3150,"clientHost":"127.0.0.1","clientPort":3010,"clusterCount":1,"frontend":"true","auto-restart":"true","serverType":"connector","pid":8076}}
[2017-10-25 18:34:17.406] [ERROR] pomelo - [31m[D:\ProjectTest\majiang\babykylin_mahjong_src\servers\game-server\node_modules\pomelo\lib\filters\handler\timeout.js] [39mrequest "area.playerHandler.enterScene" timeout.
[2017-10-25 18:34:17.406] [ERROR] pomelo - [31m[D:\ProjectTest\majiang\babykylin_mahjong_src\servers\game-server\node_modules\pomelo\lib\filters\handler\serial.js] [39m[serial filter] msg timeout, msg:{"__route__":"area.playerHandler.enterScene"}
[2017-10-25 18:38:13.959] [INFO] pomelo - [32m[D:\ProjectTest\majiang\babykylin_mahjong_src\servers\game-server\node_modules\pomelo\lib\application.js] [39mapplication inited: "cluster-server-area-0"
[2017-10-25 18:38:14.404] [INFO] pomelo - [32m[D:\ProjectTest\majiang\babykylin_mahjong_src\servers\game-server\node_modules\pomelo\lib\application.js] [39m"cluster-server-area-0" enter after start...
[2017-10-25 18:38:14.404] [INFO] pomelo - [32m[D:\ProjectTest\majiang\babykylin_mahjong_src\servers\game-server\node_modules\pomelo\lib\application.js] [39m"cluster-server-area-0" finish start
[2017-10-25 18:38:14.414] [INFO] pomelo - [32m[D:\ProjectTest\majiang\babykylin_mahjong_src\servers\game-server\node_modules\pomelo\lib\application.js] [39m"cluster-server-area-0" startup in 391 ms
[2017-10-25 18:38:14.925] [DEBUG] pomelo - [36m[D:\ProjectTest\majiang\babykylin_mahjong_src\servers\game-server\node_modules\pomelo\lib\modules\monitorwatcher.js] [39m[cluster-server-area-0] receive addServer signal: {"action":"addServer","server":{"main":"D:\\ProjectTest\\majiang\\babykylin_mahjong_src\\servers\\game-server\\app.js","env":"development","id":"cluster-server-connector-0","host":"127.0.0.1","port":3150,"clientHost":"127.0.0.1","clientPort":3010,"clusterCount":1,"frontend":"true","auto-restart":"true","serverType":"connector","pid":7904}}
[2017-10-25 18:38:34.194] [ERROR] pomelo - [31m[D:\ProjectTest\majiang\babykylin_mahjong_src\servers\game-server\node_modules\pomelo\lib\filters\handler\timeout.js] [39mrequest "area.playerHandler.enterScene" timeout.
[2017-10-25 18:38:34.195] [ERROR] pomelo - [31m[D:\ProjectTest\majiang\babykylin_mahjong_src\servers\game-server\node_modules\pomelo\lib\filters\handler\serial.js] [39m[serial filter] msg timeout, msg:{"__route__":"area.playerHandler.enterScene"}
[2017-10-25 18:40:31.243] [INFO] pomelo - [32m[D:\ProjectTest\majiang\babykylin_mahjong_src\servers\game-server\node_modules\pomelo\lib\application.js] [39mapplication inited: "cluster-server-area-0"
[2017-10-25 18:40:31.823] [INFO] pomelo - [32m[D:\ProjectTest\majiang\babykylin_mahjong_src\servers\game-server\node_modules\pomelo\lib\application.js] [39m"cluster-server-area-0" enter after start...
[2017-10-25 18:40:31.828] [INFO] pomelo - [32m[D:\ProjectTest\majiang\babykylin_mahjong_src\servers\game-server\node_modules\pomelo\lib\application.js] [39m"cluster-server-area-0" finish start
[2017-10-25 18:40:31.830] [INFO] pomelo - [32m[D:\ProjectTest\majiang\babykylin_mahjong_src\servers\game-server\node_modules\pomelo\lib\application.js] [39m"cluster-server-area-0" startup in 516 ms
[2017-10-25 18:40:41.924] [ERROR] pomelo - [31m[D:\ProjectTest\majiang\babykylin_mahjong_src\servers\game-server\node_modules\pomelo\lib\filters\handler\timeout.js] [39mrequest "area.playerHandler.enterScene" timeout.
[2017-10-25 18:40:41.925] [ERROR] pomelo - [31m[D:\ProjectTest\majiang\babykylin_mahjong_src\servers\game-server\node_modules\pomelo\lib\filters\handler\serial.js] [39m[serial filter] msg timeout, msg:{"__route__":"area.playerHandler.enterScene"}
[2017-10-25 18:41:03.485] [INFO] pomelo - [32m[D:\ProjectTest\majiang\babykylin_mahjong_src\servers\game-server\node_modules\pomelo\lib\application.js] [39mapplication inited: "cluster-server-area-0"
[2017-10-25 18:41:03.970] [INFO] pomelo - [32m[D:\ProjectTest\majiang\babykylin_mahjong_src\servers\game-server\node_modules\pomelo\lib\application.js] [39m"cluster-server-area-0" enter after start...
[2017-10-25 18:41:03.975] [INFO] pomelo - [32m[D:\ProjectTest\majiang\babykylin_mahjong_src\servers\game-server\node_modules\pomelo\lib\application.js] [39m"cluster-server-area-0" finish start
[2017-10-25 18:41:03.976] [INFO] pomelo - [32m[D:\ProjectTest\majiang\babykylin_mahjong_src\servers\game-server\node_modules\pomelo\lib\application.js] [39m"cluster-server-area-0" startup in 425 ms
[2017-10-25 18:41:15.587] [ERROR] pomelo - [31m[D:\ProjectTest\majiang\babykylin_mahjong_src\servers\game-server\node_modules\pomelo\lib\filters\handler\timeout.js] [39mrequest "area.playerHandler.enterScene" timeout.
[2017-10-25 18:41:15.588] [ERROR] pomelo - [31m[D:\ProjectTest\majiang\babykylin_mahjong_src\servers\game-server\node_modules\pomelo\lib\filters\handler\serial.js] [39m[serial filter] msg timeout, msg:{"__route__":"area.playerHandler.enterScene"}
[2017-10-25 18:42:22.960] [INFO] pomelo - [32m[D:\ProjectTest\majiang\babykylin_mahjong_src\servers\game-server\node_modules\pomelo\lib\application.js] [39mapplication inited: "cluster-server-area-0"
[2017-10-25 18:42:23.488] [INFO] pomelo - [32m[D:\ProjectTest\majiang\babykylin_mahjong_src\servers\game-server\node_modules\pomelo\lib\application.js] [39m"cluster-server-area-0" enter after start...
[2017-10-25 18:42:23.492] [INFO] pomelo - [32m[D:\ProjectTest\majiang\babykylin_mahjong_src\servers\game-server\node_modules\pomelo\lib\application.js] [39m"cluster-server-area-0" finish start
[2017-10-25 18:42:23.494] [INFO] pomelo - [32m[D:\ProjectTest\majiang\babykylin_mahjong_src\servers\game-server\node_modules\pomelo\lib\application.js] [39m"cluster-server-area-0" startup in 446 ms
[2017-10-25 18:42:23.972] [DEBUG] pomelo - [36m[D:\ProjectTest\majiang\babykylin_mahjong_src\servers\game-server\node_modules\pomelo\lib\modules\monitorwatcher.js] [39m[cluster-server-area-0] receive addServer signal: {"action":"addServer","server":{"main":"D:\\ProjectTest\\majiang\\babykylin_mahjong_src\\servers\\game-server\\app.js","env":"development","id":"chat-server","host":"127.0.0.1","port":3555,"serverType":"chat","pid":6000}}
[2017-10-25 18:42:33.998] [ERROR] pomelo - [31m[D:\ProjectTest\majiang\babykylin_mahjong_src\servers\game-server\node_modules\pomelo\lib\filters\handler\timeout.js] [39mrequest "area.playerHandler.enterScene" timeout.
[2017-10-25 18:42:33.998] [ERROR] pomelo - [31m[D:\ProjectTest\majiang\babykylin_mahjong_src\servers\game-server\node_modules\pomelo\lib\filters\handler\serial.js] [39m[serial filter] msg timeout, msg:{"__route__":"area.playerHandler.enterScene"}
[2017-10-25 18:43:42.062] [INFO] pomelo - [32m[D:\ProjectTest\majiang\babykylin_mahjong_src\servers\game-server\node_modules\pomelo\lib\application.js] [39mapplication inited: "cluster-server-area-0"
[2017-10-25 18:43:42.517] [INFO] pomelo - [32m[D:\ProjectTest\majiang\babykylin_mahjong_src\servers\game-server\node_modules\pomelo\lib\application.js] [39m"cluster-server-area-0" enter after start...
[2017-10-25 18:43:42.521] [INFO] pomelo - [32m[D:\ProjectTest\majiang\babykylin_mahjong_src\servers\game-server\node_modules\pomelo\lib\application.js] [39m"cluster-server-area-0" finish start
[2017-10-25 18:43:42.523] [INFO] pomelo - [32m[D:\ProjectTest\majiang\babykylin_mahjong_src\servers\game-server\node_modules\pomelo\lib\application.js] [39m"cluster-server-area-0" startup in 400 ms
[2017-10-25 18:43:42.767] [DEBUG] pomelo - [36m[D:\ProjectTest\majiang\babykylin_mahjong_src\servers\game-server\node_modules\pomelo\lib\modules\monitorwatcher.js] [39m[cluster-server-area-0] receive addServer signal: {"action":"addServer","server":{"main":"D:\\ProjectTest\\majiang\\babykylin_mahjong_src\\servers\\game-server\\app.js","env":"development","id":"chat-server","host":"127.0.0.1","port":3555,"serverType":"chat","pid":6272}}
[2017-10-25 18:43:43.073] [DEBUG] pomelo - [36m[D:\ProjectTest\majiang\babykylin_mahjong_src\servers\game-server\node_modules\pomelo\lib\modules\monitorwatcher.js] [39m[cluster-server-area-0] receive addServer signal: {"action":"addServer","server":{"main":"D:\\ProjectTest\\majiang\\babykylin_mahjong_src\\servers\\game-server\\app.js","env":"development","id":"world-server","host":"127.0.0.1","port":3552,"serverType":"world2"}}
[2017-10-25 18:44:22.968] [INFO] pomelo - [32m[D:\ProjectTest\majiang\babykylin_mahjong_src\servers\game-server\node_modules\pomelo\lib\application.js] [39mapplication inited: "cluster-server-area-0"
[2017-10-25 18:44:24.280] [INFO] pomelo - [32m[D:\ProjectTest\majiang\babykylin_mahjong_src\servers\game-server\node_modules\pomelo\lib\application.js] [39m"cluster-server-area-0" enter after start...
[2017-10-25 18:44:24.283] [INFO] pomelo - [32m[D:\ProjectTest\majiang\babykylin_mahjong_src\servers\game-server\node_modules\pomelo\lib\application.js] [39m"cluster-server-area-0" finish start
[2017-10-25 18:44:24.285] [INFO] pomelo - [32m[D:\ProjectTest\majiang\babykylin_mahjong_src\servers\game-server\node_modules\pomelo\lib\application.js] [39m"cluster-server-area-0" startup in 1247 ms
[2017-10-25 18:44:24.411] [DEBUG] pomelo - [36m[D:\ProjectTest\majiang\babykylin_mahjong_src\servers\game-server\node_modules\pomelo\lib\modules\monitorwatcher.js] [39m[cluster-server-area-0] receive addServer signal: {"action":"addServer","server":{"main":"D:\\ProjectTest\\majiang\\babykylin_mahjong_src\\servers\\game-server\\app.js","env":"development","id":"cluster-server-connector-0","host":"127.0.0.1","port":3150,"clientHost":"127.0.0.1","clientPort":3010,"clusterCount":1,"frontend":"true","auto-restart":"true","serverType":"connector","pid":11952}}
[2017-10-25 18:44:38.034] [ERROR] pomelo - [31m[D:\ProjectTest\majiang\babykylin_mahjong_src\servers\game-server\node_modules\pomelo\lib\filters\handler\timeout.js] [39mrequest "area.playerHandler.enterScene" timeout.
[2017-10-25 18:44:38.035] [ERROR] pomelo - [31m[D:\ProjectTest\majiang\babykylin_mahjong_src\servers\game-server\node_modules\pomelo\lib\filters\handler\serial.js] [39m[serial filter] msg timeout, msg:{"__route__":"area.playerHandler.enterScene"}
[2017-10-25 18:46:35.907] [INFO] pomelo - [32m[D:\ProjectTest\majiang\babykylin_mahjong_src\servers\game-server\node_modules\pomelo\lib\application.js] [39mapplication inited: "cluster-server-area-0"
[2017-10-25 18:46:36.393] [INFO] pomelo - [32m[D:\ProjectTest\majiang\babykylin_mahjong_src\servers\game-server\node_modules\pomelo\lib\application.js] [39m"cluster-server-area-0" enter after start...
[2017-10-25 18:46:36.396] [INFO] pomelo - [32m[D:\ProjectTest\majiang\babykylin_mahjong_src\servers\game-server\node_modules\pomelo\lib\application.js] [39m"cluster-server-area-0" finish start
[2017-10-25 18:46:36.398] [INFO] pomelo - [32m[D:\ProjectTest\majiang\babykylin_mahjong_src\servers\game-server\node_modules\pomelo\lib\application.js] [39m"cluster-server-area-0" startup in 422 ms
[2017-10-25 18:46:36.495] [DEBUG] pomelo - [36m[D:\ProjectTest\majiang\babykylin_mahjong_src\servers\game-server\node_modules\pomelo\lib\modules\monitorwatcher.js] [39m[cluster-server-area-0] receive addServer signal: {"action":"addServer","server":{"main":"D:\\ProjectTest\\majiang\\babykylin_mahjong_src\\servers\\game-server\\app.js","env":"development","id":"cluster-server-connector-0","host":"127.0.0.1","port":3150,"clientHost":"127.0.0.1","clientPort":3010,"clusterCount":1,"frontend":"true","auto-restart":"true","serverType":"connector","pid":11452}}
[2017-10-25 18:46:48.375] [ERROR] pomelo - [31m[D:\ProjectTest\majiang\babykylin_mahjong_src\servers\game-server\node_modules\pomelo\lib\filters\handler\timeout.js] [39mrequest "area.playerHandler.enterScene" timeout.
[2017-10-25 18:46:48.375] [ERROR] pomelo - [31m[D:\ProjectTest\majiang\babykylin_mahjong_src\servers\game-server\node_modules\pomelo\lib\filters\handler\serial.js] [39m[serial filter] msg timeout, msg:{"__route__":"area.playerHandler.enterScene"}
[2017-10-25 18:48:10.403] [INFO] pomelo - [32m[D:\ProjectTest\majiang\babykylin_mahjong_src\servers\game-server\node_modules\pomelo\lib\application.js] [39mapplication inited: "cluster-server-area-0"
[2017-10-25 18:48:10.900] [INFO] pomelo - [32m[D:\ProjectTest\majiang\babykylin_mahjong_src\servers\game-server\node_modules\pomelo\lib\application.js] [39m"cluster-server-area-0" enter after start...
[2017-10-25 18:48:10.904] [INFO] pomelo - [32m[D:\ProjectTest\majiang\babykylin_mahjong_src\servers\game-server\node_modules\pomelo\lib\application.js] [39m"cluster-server-area-0" finish start
[2017-10-25 18:48:10.906] [INFO] pomelo - [32m[D:\ProjectTest\majiang\babykylin_mahjong_src\servers\game-server\node_modules\pomelo\lib\application.js] [39m"cluster-server-area-0" startup in 418 ms
[2017-10-25 18:48:11.509] [DEBUG] pomelo - [36m[D:\ProjectTest\majiang\babykylin_mahjong_src\servers\game-server\node_modules\pomelo\lib\modules\monitorwatcher.js] [39m[cluster-server-area-0] receive addServer signal: {"action":"addServer","server":{"main":"D:\\ProjectTest\\majiang\\babykylin_mahjong_src\\servers\\game-server\\app.js","env":"development","id":"cluster-server-connector-0","host":"127.0.0.1","port":3150,"clientHost":"127.0.0.1","clientPort":3010,"clusterCount":1,"frontend":"true","auto-restart":"true","serverType":"connector","pid":9552}}
[2017-10-25 18:48:12.105] [DEBUG] pomelo - [36m[D:\ProjectTest\majiang\babykylin_mahjong_src\servers\game-server\node_modules\pomelo\lib\modules\monitorwatcher.js] [39m[cluster-server-area-0] receive addServer signal: {"action":"addServer","server":{"main":"D:\\ProjectTest\\majiang\\babykylin_mahjong_src\\servers\\game-server\\app.js","env":"development","id":"room-server","host":"127.0.0.1","port":3552,"serverType":"room"}}
[2017-10-25 18:49:02.593] [INFO] pomelo - [32m[D:\ProjectTest\majiang\babykylin_mahjong_src\servers\game-server\node_modules\pomelo\lib\application.js] [39mapplication inited: "cluster-server-area-0"
[2017-10-25 18:49:03.523] [INFO] pomelo - [32m[D:\ProjectTest\majiang\babykylin_mahjong_src\servers\game-server\node_modules\pomelo\lib\application.js] [39m"cluster-server-area-0" enter after start...
[2017-10-25 18:49:03.527] [INFO] pomelo - [32m[D:\ProjectTest\majiang\babykylin_mahjong_src\servers\game-server\node_modules\pomelo\lib\application.js] [39m"cluster-server-area-0" finish start
[2017-10-25 18:49:03.530] [INFO] pomelo - [32m[D:\ProjectTest\majiang\babykylin_mahjong_src\servers\game-server\node_modules\pomelo\lib\application.js] [39m"cluster-server-area-0" startup in 755 ms
[2017-10-25 18:49:03.608] [DEBUG] pomelo - [36m[D:\ProjectTest\majiang\babykylin_mahjong_src\servers\game-server\node_modules\pomelo\lib\modules\monitorwatcher.js] [39m[cluster-server-area-0] receive addServer signal: {"action":"addServer","server":{"main":"D:\\ProjectTest\\majiang\\babykylin_mahjong_src\\servers\\game-server\\app.js","env":"development","id":"cluster-server-connector-0","host":"127.0.0.1","port":3150,"clientHost":"127.0.0.1","clientPort":3010,"clusterCount":1,"frontend":"true","auto-restart":"true","serverType":"connector","pid":9140}}
[2017-10-25 18:49:03.843] [DEBUG] pomelo - [36m[D:\ProjectTest\majiang\babykylin_mahjong_src\servers\game-server\node_modules\pomelo\lib\modules\monitorwatcher.js] [39m[cluster-server-area-0] receive addServer signal: {"action":"addServer","server":{"main":"D:\\ProjectTest\\majiang\\babykylin_mahjong_src\\servers\\game-server\\app.js","env":"development","id":"chat-server","host":"127.0.0.1","port":3555,"serverType":"chat","pid":13564}}
[2017-10-25 18:49:20.021] [WARN] pomelo - [33m[D:\ProjectTest\majiang\babykylin_mahjong_src\servers\game-server\node_modules\pomelo\lib\common\service\channelService.js] [39mignore uid 10000 for sid not specified.
[2017-10-25 18:49:20.022] [DEBUG] pomelo - [36m[D:\ProjectTest\majiang\babykylin_mahjong_src\servers\game-server\node_modules\pomelo\lib\common\service\channelService.js] [39m[cluster-server-area-0] channelService sendMessageByGroup route: player.updateGem, msg: {"code":200,"gems":20}, groups: {}, opts: {}
